<?xml version="1.0" encoding="UTF-8"?>
<testng-results skipped="0" failed="0" total="1" passed="1">
  <reporter-output>
  </reporter-output>
  <suite name="Default suite" duration-ms="8587" started-at="2021-08-23T10:08:51Z" finished-at="2021-08-23T10:08:59Z">
    <groups>
    </groups>
    <test name="Default test" duration-ms="8587" started-at="2021-08-23T10:08:51Z" finished-at="2021-08-23T10:08:59Z">
      <class name="Example.Cookies">
        <test-method status="PASS" signature="f()[pri:0, instance:Example.Cookies@30c7da1e]" name="f" duration-ms="8559" started-at="2021-08-23T15:38:51Z" finished-at="2021-08-23T15:38:59Z">
          <reporter-output>
          </reporter-output>
        </test-method> <!-- f -->
      </class> <!-- Example.Cookies -->
    </test> <!-- Default test -->
  </suite> <!-- Default suite -->
</testng-results>
